Log file open, 12/16/21 23:57:58
LogWindows: Failed to load 'aqProf.dll' (GetLastError=126)
LogWindows: File 'aqProf.dll' does not exist
LogWindows: Failed to load 'VtuneApi.dll' (GetLastError=126)
LogWindows: File 'VtuneApi.dll' does not exist
LogWindows: Failed to load 'VtuneApi32e.dll' (GetLastError=126)
LogWindows: File 'VtuneApi32e.dll' does not exist
LogConsoleResponse: Display: Failed to find resolution value strings in scalability ini. Falling back to default.
LogConsoleResponse: Display: Failed to find resolution value strings in scalability ini. Falling back to default.
LogInit: Display: Running engine for game: Combat
LogPlatformFile: Not using cached read wrapper
LogTaskGraph: Started task graph with 5 named threads and 23 total threads with 3 sets of task threads.
LogStats: Stats thread started at 0.309104
LogICUInternationalization: ICU TimeZone Detection - Raw Offset: +8:00, Platform Override: ''
LogInit: Display: Loading text-based GConfig....
LogPluginManager: Mounting plugin MeshPainting
LogPluginManager: Mounting plugin XGEController
LogPluginManager: Mounting plugin Paper2D
LogPluginManager: Mounting plugin AISupport
LogPluginManager: Mounting plugin EnvironmentQueryEditor
LogPluginManager: Mounting plugin LightPropagationVolume
LogPluginManager: Mounting plugin LiveLink
LogPluginManager: Mounting plugin OodleData
LogPluginManager: Mounting plugin CameraShakePreviewer
LogPluginManager: Mounting plugin GameplayCameras
LogPluginManager: Mounting plugin OodleNetwork
LogPluginManager: Mounting plugin AnimationSharing
LogPluginManager: Mounting plugin CLionSourceCodeAccess
LogPluginManager: Mounting plugin CodeLiteSourceCodeAccess
LogPluginManager: Mounting plugin GitSourceControl
LogPluginManager: Mounting plugin KDevelopSourceCodeAccess
LogPluginManager: Mounting plugin NullSourceCodeAccess
LogPluginManager: Mounting plugin PerforceSourceControl
LogPluginManager: Mounting plugin PixWinPlugin
LogPluginManager: Mounting plugin PluginUtils
LogPluginManager: Mounting plugin PlasticSourceControl
LogPluginManager: Mounting plugin PropertyAccessNode
LogPluginManager: Mounting plugin RiderSourceCodeAccess
LogPluginManager: Mounting plugin SubversionSourceControl
LogPluginManager: Mounting plugin TextureFormatOodle
LogPluginManager: Mounting plugin UObjectPlugin
LogPluginManager: Mounting plugin VisualStudioCodeSourceCodeAccess
LogPluginManager: Mounting plugin VisualStudioSourceCodeAccess
LogPluginManager: Mounting plugin AssetManagerEditor
LogPluginManager: Mounting plugin XCodeSourceCodeAccess
LogPluginManager: Mounting plugin DataValidation
LogPluginManager: Mounting plugin CurveEditorTools
LogPluginManager: Mounting plugin CryptoKeys
LogPluginManager: Mounting plugin FacialAnimation
LogPluginManager: Mounting plugin GameplayTagsEditor
LogPluginManager: Mounting plugin GeometryMode
LogPluginManager: Mounting plugin MaterialAnalyzer
LogPluginManager: Mounting plugin MacGraphicsSwitching
LogPluginManager: Mounting plugin MobileLauncherProfileWizard
LogPluginManager: Mounting plugin PluginBrowser
LogPluginManager: Mounting plugin SpeedTreeImporter
LogPluginManager: Mounting plugin AlembicImporter
LogPluginManager: Mounting plugin AutomationUtils
LogPluginManager: Mounting plugin BackChannel
LogPluginManager: Mounting plugin ChaosCloth
LogPluginManager: Mounting plugin ChaosClothEditor
LogPluginManager: Mounting plugin ChaosEditor
LogPluginManager: Mounting plugin ChaosNiagara
LogPluginManager: Mounting plugin ChaosSolverPlugin
LogPluginManager: Mounting plugin Niagara
LogPluginManager: Mounting plugin CharacterAI
LogPluginManager: Mounting plugin GeometryCache
LogPluginManager: Mounting plugin GeometryCollectionPlugin
LogPluginManager: Mounting plugin GeometryProcessing
LogPluginManager: Mounting plugin MotoSynth
LogPluginManager: Mounting plugin OpenImageDenoise
LogPluginManager: Mounting plugin PlatformCrypto
LogPluginManager: Mounting plugin PlanarCut
LogPluginManager: Mounting plugin ProxyLODPlugin
LogPluginManager: Mounting plugin PythonScriptPlugin
LogPluginManager: Mounting plugin SkeletalReduction
LogPluginManager: Mounting plugin DatasmithContent
LogPluginManager: Mounting plugin VariantManagerContent
LogPluginManager: Mounting plugin MagicLeap
LogPluginManager: Mounting plugin LuminPlatformFeatures
LogPluginManager: Mounting plugin MagicLeapLightEstimation
LogPluginManager: Mounting plugin MagicLeapMedia
LogPluginManager: Mounting plugin MagicLeapPassableWorld
LogPluginManager: Mounting plugin MLSDK
LogPluginManager: Mounting plugin TcpMessaging
LogPluginManager: Mounting plugin UdpMessaging
LogPluginManager: Mounting plugin OnlineSubsystem
LogPluginManager: Mounting plugin OnlineSubsystemNull
LogPluginManager: Mounting plugin OnlineSubsystemUtils
LogPluginManager: Mounting plugin ActorSequence
LogPluginManager: Mounting plugin LevelSequenceEditor
LogPluginManager: Mounting plugin MatineeToLevelSequence
LogPluginManager: Mounting plugin LauncherChunkInstaller
LogPluginManager: Mounting plugin ActorLayerUtilities
LogPluginManager: Mounting plugin TemplateSequence
LogPluginManager: Mounting plugin AndroidDeviceProfileSelector
LogPluginManager: Mounting plugin AndroidMoviePlayer
LogPluginManager: Mounting plugin AndroidPermission
LogPluginManager: Mounting plugin AppleImageUtils
LogPluginManager: Mounting plugin AppleMoviePlayer
LogPluginManager: Mounting plugin AudioCapture
LogPluginManager: Mounting plugin ArchVisCharacter
LogPluginManager: Mounting plugin AssetTags
LogPluginManager: Mounting plugin CableComponent
LogPluginManager: Mounting plugin AudioSynesthesia
LogPluginManager: Mounting plugin ChunkDownloader
LogPluginManager: Mounting plugin CustomMeshComponent
LogPluginManager: Mounting plugin EditableMesh
LogPluginManager: Mounting plugin ExampleDeviceProfileSelector
LogPluginManager: Mounting plugin GoogleCloudMessaging
LogPluginManager: Mounting plugin GooglePAD
LogPluginManager: Mounting plugin ScreenshotTools
LogPluginManager: Mounting plugin IOSDeviceProfileSelector
LogPluginManager: Mounting plugin LinuxDeviceProfileSelector
LogPluginManager: Mounting plugin LocationServicesBPLibrary
LogPluginManager: Mounting plugin MobilePatchingUtils
LogPluginManager: Mounting plugin OpenXR
LogPluginManager: Mounting plugin OpenXREyeTracker
LogPluginManager: Mounting plugin OpenXRHandTracking
LogPluginManager: Mounting plugin PostSplashScreen
LogPluginManager: Mounting plugin PhysXVehicles
LogPluginManager: Mounting plugin ProceduralMeshComponent
LogPluginManager: Mounting plugin PropertyAccessEditor
LogPluginManager: Mounting plugin RuntimePhysXCooking
LogPluginManager: Mounting plugin SignificanceManager
LogPluginManager: Mounting plugin SoundFields
LogPluginManager: Mounting plugin Synthesis
LogPluginManager: Mounting plugin WebMMoviePlayer
LogPluginManager: Mounting plugin WindowsMoviePlayer
LogPluginManager: Mounting plugin Takes
LogPluginManager: Mounting plugin AndroidMedia
LogPluginManager: Mounting plugin AvfMedia
LogPluginManager: Mounting plugin ImgMedia
LogPluginManager: Mounting plugin MediaCompositing
LogPluginManager: Mounting plugin MediaPlayerEditor
LogPluginManager: Mounting plugin WebMMedia
LogPluginManager: Mounting plugin WmfMedia
LogPluginManager: Mounting plugin ContentBrowserAssetDataSource
LogPluginManager: Mounting plugin ContentBrowserClassDataSource
LogPluginManager: Mounting plugin ContentBrowserFileDataSource
LogPluginManager: Mounting plugin OnlineSubsystemGooglePlay
LogPluginManager: Mounting plugin OnlineSubsystemIOS
LogPluginManager: Mounting plugin OculusVR
LogPluginManager: Mounting plugin SteamVR
PixWinPlugin: PIX capture plugin failed to initialize! Check that the process is launched from PIX.
LogInit: Using libcurl 7.55.1-DEV
LogInit:  - built for x86_64-pc-win32
LogInit:  - supports SSL with OpenSSL/1.1.1
LogInit:  - supports HTTP deflate (compression) using libz 1.2.8
LogInit:  - other features:
LogInit:      CURL_VERSION_SSL
LogInit:      CURL_VERSION_LIBZ
LogInit:      CURL_VERSION_IPV6
LogInit:      CURL_VERSION_ASYNCHDNS
LogInit:      CURL_VERSION_LARGEFILE
LogInit:      CURL_VERSION_IDN
LogInit:  CurlRequestOptions (configurable via config and command line):
LogInit:  - bVerifyPeer = true  - Libcurl will verify peer certificate
LogInit:  - bUseHttpProxy = true  - Libcurl will use HTTP proxy
LogInit:  - HttpProxyAddress = '127.0.0.1:7890'
LogInit:  - bDontReuseConnections = false  - Libcurl will reuse connections
LogInit:  - MaxHostConnections = 16  - Libcurl will limit the number of connections to a host
LogInit:  - LocalHostAddr = Default
LogInit:  - BufferSize = 65536
LogOnline: OSS: Creating online subsystem instance for: NULL
LogInit: WinSock: version 1.1 (2.2), MaxSocks=32767, MaxUdp=65467
LogOnline: OSS: TryLoadSubsystemAndSetDefault: Loaded subsystem for module [NULL]
LogOculusPluginWrapper: OculusPlugin initialized successfully
LogHMD: Failed initializing OVRPlugin 1.59.0
LogInit: Build: ++UE4+Release-4.27-CL-17735300
LogInit: Engine Version: 4.27.1-17735300+++UE4+Release-4.27
LogInit: Compatible Engine Version: 4.27.0-17155196+++UE4+Release-4.27
LogInit: Net CL: 17155196
LogInit: OS: Windows 10 (Release 2009) (), CPU: Intel(R) Core(TM) i5-9300H CPU @ 2.40GHz, GPU: NVIDIA GeForce GTX 1650
LogInit: Compiled (64-bit): Oct  6 2021 14:42:51
LogInit: Compiled with Visual C++: 19.24.28315.00
LogInit: Build Configuration: Development
LogInit: Branch Name: ++UE4+Release-4.27
LogInit: Command Line:  /Game/ThirdPersonCPP/Maps/ThirdPersonExampleMap -game -PIEVIACONSOLE -Multiprocess GameUserSettingsINI=F:/UE4/Combat/Saved/Config/Windows/PIEGameUserSettings0.ini -MultiprocessSaveConfig -forcepassthrough -messaging -SessionName="Play in Standalone Game" -windowed -ResX=1280 -ResY=720
LogInit: Base Directory: E:/Epic/UE4/UE_4.27/Engine/Binaries/Win64/
LogInit: Allocator: TBB
LogInit: Installed Engine Build: 1
LogDevObjectVersion: Number of dev versions registered: 29
LogDevObjectVersion:   Dev-Blueprints (B0D832E4-1F89-4F0D-ACCF-7EB736FD4AA2): 10
LogDevObjectVersion:   Dev-Build (E1C64328-A22C-4D53-A36C-8E866417BD8C): 0
LogDevObjectVersion:   Dev-Core (375EC13C-06E4-48FB-B500-84F0262A717E): 4
LogDevObjectVersion:   Dev-Editor (E4B068ED-F494-42E9-A231-DA0B2E46BB41): 40
LogDevObjectVersion:   Dev-Framework (CFFC743F-43B0-4480-9391-14DF171D2073): 37
LogDevObjectVersion:   Dev-Mobile (B02B49B5-BB20-44E9-A304-32B752E40360): 3
LogDevObjectVersion:   Dev-Networking (A4E4105C-59A1-49B5-A7C5-40C4547EDFEE): 0
LogDevObjectVersion:   Dev-Online (39C831C9-5AE6-47DC-9A44-9C173E1C8E7C): 0
LogDevObjectVersion:   Dev-Physics (78F01B33-EBEA-4F98-B9B4-84EACCB95AA2): 14
LogDevObjectVersion:   Dev-Platform (6631380F-2D4D-43E0-8009-CF276956A95A): 0
LogDevObjectVersion:   Dev-Rendering (12F88B9F-8875-4AFC-A67C-D90C383ABD29): 45
LogDevObjectVersion:   Dev-Sequencer (7B5AE74C-D270-4C10-A958-57980B212A5A): 13
LogDevObjectVersion:   Dev-VR (D7296918-1DD6-4BDD-9DE2-64A83CC13884): 3
LogDevObjectVersion:   Dev-LoadTimes (C2A15278-BFE7-4AFE-6C17-90FF531DF755): 1
LogDevObjectVersion:   Private-Geometry (6EACA3D4-40EC-4CC1-B786-8BED09428FC5): 3
LogDevObjectVersion:   Dev-AnimPhys (29E575DD-E0A3-4627-9D10-D276232CDCEA): 17
LogDevObjectVersion:   Dev-Anim (AF43A65D-7FD3-4947-9873-3E8ED9C1BB05): 15
LogDevObjectVersion:   Dev-ReflectionCapture (6B266CEC-1EC7-4B8F-A30B-E4D90942FC07): 1
LogDevObjectVersion:   Dev-Automation (0DF73D61-A23F-47EA-B727-89E90C41499A): 1
LogDevObjectVersion:   FortniteMain (601D1886-AC64-4F84-AA16-D3DE0DEAC7D6): 47
LogDevObjectVersion:   FortniteRelease (E7086368-6B23-4C58-8439-1B7016265E91): 1
LogDevObjectVersion:   Dev-Enterprise (9DFFBCD6-494F-0158-E221-12823C92A888): 10
LogDevObjectVersion:   Dev-Niagara (F2AED0AC-9AFE-416F-8664-AA7FFA26D6FC): 1
LogDevObjectVersion:   Dev-Destruction (174F1F0B-B4C6-45A5-B13F-2EE8D0FB917D): 10
LogDevObjectVersion:   Dev-Physics-Ext (35F94A83-E258-406C-A318-09F59610247C): 41
LogDevObjectVersion:   Dev-PhysicsMaterial-Chaos (B68FC16E-8B1B-42E2-B453-215C058844FE): 1
LogDevObjectVersion:   Dev-CineCamera (B2E18506-4273-CFC2-A54E-F4BB758BBA07): 1
LogDevObjectVersion:   Dev-VirtualProduction (64F58936-FD1B-42BA-BA96-7289D5D0FA4E): 1
LogDevObjectVersion:   Dev-MediaFramework (6F0ED827-A609-4895-9C91-998D90180EA4): 2
LogInit: Presizing for max 25165824 objects, including 0 objects not considered by GC, pre-allocating 0 bytes for permanent pool.
LogConfig: Applying CVar settings from Section [/Script/Engine.StreamingSettings] File [F:/UE4/Combat/Saved/Config/Windows/Engine.ini]
LogConfig: Setting CVar [[s.MinBulkDataSizeForAsyncLoading:131072]]
LogConfig: Setting CVar [[s.AsyncLoadingThreadEnabled:0]]
LogConfig: Setting CVar [[s.EventDrivenLoaderEnabled:1]]
LogConfig: Setting CVar [[s.WarnIfTimeLimitExceeded:0]]
LogConfig: Setting CVar [[s.TimeLimitExceededMultiplier:1.5]]
LogConfig: Setting CVar [[s.TimeLimitExceededMinTime:0.005]]
LogConfig: Setting CVar [[s.UseBackgroundLevelStreaming:1]]
LogConfig: Setting CVar [[s.PriorityAsyncLoadingExtraTime:15.0]]
LogConfig: Setting CVar [[s.LevelStreamingActorsUpdateTimeLimit:5.0]]
LogConfig: Setting CVar [[s.PriorityLevelStreamingActorsUpdateExtraTime:5.0]]
LogConfig: Setting CVar [[s.LevelStreamingComponentsRegistrationGranularity:10]]
LogConfig: Setting CVar [[s.UnregisterComponentsTimeLimit:1.0]]
LogConfig: Setting CVar [[s.LevelStreamingComponentsUnregistrationGranularity:5]]
LogConfig: Setting CVar [[s.FlushStreamingOnExit:1]]
LogInit: Object subsystem initialized
LogConfig: Setting CVar [[con.DebugEarlyDefault:1]]
LogConfig: Setting CVar [[r.setres:1280x720]]
[2021.12.16-15.57.58:877][  0]LogConfig: Setting CVar [[con.DebugEarlyDefault:1]]
[2021.12.16-15.57.58:877][  0]LogConfig: Setting CVar [[r.setres:1280x720]]
[2021.12.16-15.57.58:877][  0]LogConfig: Applying CVar settings from Section [/Script/Engine.RendererSettings] File [F:/UE4/Combat/Saved/Config/Windows/Engine.ini]
[2021.12.16-15.57.58:877][  0]LogConfig: Setting CVar [[r.GPUCrashDebugging:0]]
[2021.12.16-15.57.58:877][  0]LogConfig: Applying CVar settings from Section [/Script/Engine.RendererOverrideSettings] File [F:/UE4/Combat/Saved/Config/Windows/Engine.ini]
[2021.12.16-15.57.58:877][  0]LogConfig: Applying CVar settings from Section [/Script/Engine.StreamingSettings] File [F:/UE4/Combat/Saved/Config/Windows/Engine.ini]
[2021.12.16-15.57.58:877][  0]LogConfig: Setting CVar [[s.MinBulkDataSizeForAsyncLoading:131072]]
[2021.12.16-15.57.58:877][  0]LogConfig: Setting CVar [[s.AsyncLoadingThreadEnabled:0]]
[2021.12.16-15.57.58:877][  0]LogConfig: Setting CVar [[s.EventDrivenLoaderEnabled:1]]
[2021.12.16-15.57.58:877][  0]LogConfig: Setting CVar [[s.WarnIfTimeLimitExceeded:0]]
[2021.12.16-15.57.58:877][  0]LogConfig: Setting CVar [[s.TimeLimitExceededMultiplier:1.5]]
[2021.12.16-15.57.58:877][  0]LogConfig: Setting CVar [[s.TimeLimitExceededMinTime:0.005]]
[2021.12.16-15.57.58:877][  0]LogConfig: Setting CVar [[s.UseBackgroundLevelStreaming:1]]
[2021.12.16-15.57.58:877][  0]LogConfig: Setting CVar [[s.PriorityAsyncLoadingExtraTime:15.0]]
[2021.12.16-15.57.58:877][  0]LogConfig: Setting CVar [[s.LevelStreamingActorsUpdateTimeLimit:5.0]]
[2021.12.16-15.57.58:877][  0]LogConfig: Setting CVar [[s.PriorityLevelStreamingActorsUpdateExtraTime:5.0]]
[2021.12.16-15.57.58:877][  0]LogConfig: Setting CVar [[s.LevelStreamingComponentsRegistrationGranularity:10]]
[2021.12.16-15.57.58:877][  0]LogConfig: Setting CVar [[s.UnregisterComponentsTimeLimit:1.0]]
[2021.12.16-15.57.58:877][  0]LogConfig: Setting CVar [[s.LevelStreamingComponentsUnregistrationGranularity:5]]
[2021.12.16-15.57.58:877][  0]LogConfig: Setting CVar [[s.FlushStreamingOnExit:1]]
[2021.12.16-15.57.58:877][  0]LogConfig: Applying CVar settings from Section [/Script/Engine.GarbageCollectionSettings] File [F:/UE4/Combat/Saved/Config/Windows/Engine.ini]
[2021.12.16-15.57.58:877][  0]LogConfig: Setting CVar [[gc.MaxObjectsNotConsideredByGC:1]]
[2021.12.16-15.57.58:877][  0]LogConfig: Setting CVar [[gc.SizeOfPermanentObjectPool:0]]
[2021.12.16-15.57.58:877][  0]LogConfig: Setting CVar [[gc.FlushStreamingOnGC:0]]
[2021.12.16-15.57.58:877][  0]LogConfig: Setting CVar [[gc.NumRetriesBeforeForcingGC:10]]
[2021.12.16-15.57.58:877][  0]LogConfig: Setting CVar [[gc.AllowParallelGC:1]]
[2021.12.16-15.57.58:877][  0]LogConfig: Setting CVar [[gc.TimeBetweenPurgingPendingKillObjects:61.1]]
[2021.12.16-15.57.58:877][  0]LogConfig: Setting CVar [[gc.MaxObjectsInEditor:25165824]]
[2021.12.16-15.57.58:877][  0]LogConfig: Setting CVar [[gc.IncrementalBeginDestroyEnabled:1]]
[2021.12.16-15.57.58:877][  0]LogConfig: Setting CVar [[gc.CreateGCClusters:1]]
[2021.12.16-15.57.58:877][  0]LogConfig: Setting CVar [[gc.MinGCClusterSize:5]]
[2021.12.16-15.57.58:877][  0]LogConfig: Setting CVar [[gc.ActorClusteringEnabled:0]]
[2021.12.16-15.57.58:877][  0]LogConfig: Setting CVar [[gc.BlueprintClusteringEnabled:0]]
[2021.12.16-15.57.58:877][  0]LogConfig: Setting CVar [[gc.UseDisregardForGCOnDedicatedServers:0]]
[2021.12.16-15.57.58:877][  0]LogConfig: Setting CVar [[gc.MultithreadedDestructionEnabled:1]]
[2021.12.16-15.57.58:877][  0]LogConfig: Applying CVar settings from Section [/Script/Engine.NetworkSettings] File [F:/UE4/Combat/Saved/Config/Windows/Engine.ini]
[2021.12.16-15.57.58:877][  0]LogConfig: Applying CVar settings from Section [/Script/UnrealEd.CookerSettings] File [F:/UE4/Combat/Saved/Config/Windows/Engine.ini]
[2021.12.16-15.57.58:883][  0]LogConfig: Applying CVar settings from Section [ViewDistanceQuality@3] File [F:/UE4/Combat/Saved/Config/Windows/Scalability.ini]
[2021.12.16-15.57.58:883][  0]LogConfig: Setting CVar [[r.SkeletalMeshLODBias:0]]
[2021.12.16-15.57.58:883][  0]LogConfig: Setting CVar [[r.ViewDistanceScale:1.0]]
[2021.12.16-15.57.58:883][  0]LogConfig: Applying CVar settings from Section [AntiAliasingQuality@3] File [F:/UE4/Combat/Saved/Config/Windows/Scalability.ini]
[2021.12.16-15.57.58:883][  0]LogConfig: Setting CVar [[r.PostProcessAAQuality:4]]
[2021.12.16-15.57.58:883][  0]LogConfig: Applying CVar settings from Section [ShadowQuality@3] File [F:/UE4/Combat/Saved/Config/Windows/Scalability.ini]
[2021.12.16-15.57.58:883][  0]LogConfig: Setting CVar [[r.LightFunctionQuality:1]]
[2021.12.16-15.57.58:883][  0]LogConfig: Setting CVar [[r.ShadowQuality:5]]
[2021.12.16-15.57.58:883][  0]LogConfig: Setting CVar [[r.Shadow.CSM.MaxCascades:10]]
[2021.12.16-15.57.58:883][  0]LogConfig: Setting CVar [[r.Shadow.MaxResolution:2048]]
[2021.12.16-15.57.58:883][  0]LogConfig: Setting CVar [[r.Shadow.MaxCSMResolution:2048]]
[2021.12.16-15.57.58:883][  0]LogConfig: Setting CVar [[r.Shadow.RadiusThreshold:0.01]]
[2021.12.16-15.57.58:883][  0]LogConfig: Setting CVar [[r.Shadow.DistanceScale:1.0]]
[2021.12.16-15.57.58:883][  0]LogConfig: Setting CVar [[r.Shadow.CSM.TransitionScale:1.0]]
[2021.12.16-15.57.58:883][  0]LogConfig: Setting CVar [[r.Shadow.PreShadowResolutionFactor:1.0]]
[2021.12.16-15.57.58:883][  0]LogConfig: Setting CVar [[r.DistanceFieldShadowing:1]]
[2021.12.16-15.57.58:883][  0]LogConfig: Setting CVar [[r.DistanceFieldAO:1]]
[2021.12.16-15.57.58:883][  0]LogConfig: Setting CVar [[r.AOQuality:2]]
[2021.12.16-15.57.58:883][  0]LogConfig: Setting CVar [[r.VolumetricFog:1]]
[2021.12.16-15.57.58:883][  0]LogConfig: Setting CVar [[r.VolumetricFog.GridPixelSize:8]]
[2021.12.16-15.57.58:883][  0]LogConfig: Setting CVar [[r.VolumetricFog.GridSizeZ:128]]
[2021.12.16-15.57.58:883][  0]LogConfig: Setting CVar [[r.VolumetricFog.HistoryMissSupersampleCount:4]]
[2021.12.16-15.57.58:883][  0]LogConfig: Setting CVar [[r.LightMaxDrawDistanceScale:1]]
[2021.12.16-15.57.58:883][  0]LogConfig: Setting CVar [[r.CapsuleShadows:1]]
[2021.12.16-15.57.58:883][  0]LogConfig: Applying CVar settings from Section [PostProcessQuality@3] File [F:/UE4/Combat/Saved/Config/Windows/Scalability.ini]
[2021.12.16-15.57.58:883][  0]LogConfig: Setting CVar [[r.MotionBlurQuality:4]]
[2021.12.16-15.57.58:883][  0]LogConfig: Setting CVar [[r.AmbientOcclusionMipLevelFactor:0.4]]
[2021.12.16-15.57.58:883][  0]LogConfig: Setting CVar [[r.AmbientOcclusionMaxQuality:100]]
[2021.12.16-15.57.58:883][  0]LogConfig: Setting CVar [[r.AmbientOcclusionLevels:-1]]
[2021.12.16-15.57.58:883][  0]LogConfig: Setting CVar [[r.AmbientOcclusionRadiusScale:1.0]]
[2021.12.16-15.57.58:883][  0]LogConfig: Setting CVar [[r.DepthOfFieldQuality:2]]
[2021.12.16-15.57.58:883][  0]LogConfig: Setting CVar [[r.RenderTargetPoolMin:400]]
[2021.12.16-15.57.58:883][  0]LogConfig: Setting CVar [[r.LensFlareQuality:2]]
[2021.12.16-15.57.58:883][  0]LogConfig: Setting CVar [[r.SceneColorFringeQuality:1]]
[2021.12.16-15.57.58:883][  0]LogConfig: Setting CVar [[r.EyeAdaptationQuality:2]]
[2021.12.16-15.57.58:883][  0]LogConfig: Setting CVar [[r.BloomQuality:5]]
[2021.12.16-15.57.58:883][  0]LogConfig: Setting CVar [[r.FastBlurThreshold:100]]
[2021.12.16-15.57.58:883][  0]LogConfig: Setting CVar [[r.Upscale.Quality:3]]
[2021.12.16-15.57.58:883][  0]LogConfig: Setting CVar [[r.Tonemapper.GrainQuantization:1]]
[2021.12.16-15.57.58:883][  0]LogConfig: Setting CVar [[r.LightShaftQuality:1]]
[2021.12.16-15.57.58:883][  0]LogConfig: Setting CVar [[r.Filter.SizeScale:1]]
[2021.12.16-15.57.58:883][  0]LogConfig: Setting CVar [[r.Tonemapper.Quality:5]]
[2021.12.16-15.57.58:883][  0]LogConfig: Setting CVar [[r.DOF.Gather.AccumulatorQuality:1        ; higher gathering accumulator quality]]
[2021.12.16-15.57.58:884][  0]LogConfig: Setting CVar [[r.DOF.Gather.PostfilterMethod:1          ; Median3x3 postfilering method]]
[2021.12.16-15.57.58:884][  0]LogConfig: Setting CVar [[r.DOF.Gather.EnableBokehSettings:0       ; no bokeh simulation when gathering]]
[2021.12.16-15.57.58:884][  0]LogConfig: Setting CVar [[r.DOF.Gather.RingCount:4                 ; medium number of samples when gathering]]
[2021.12.16-15.57.58:884][  0]LogConfig: Setting CVar [[r.DOF.Scatter.ForegroundCompositing:1    ; additive foreground scattering]]
[2021.12.16-15.57.58:884][  0]LogConfig: Setting CVar [[r.DOF.Scatter.BackgroundCompositing:2    ; additive background scattering]]
[2021.12.16-15.57.58:884][  0]LogConfig: Setting CVar [[r.DOF.Scatter.EnableBokehSettings:1      ; bokeh simulation when scattering]]
[2021.12.16-15.57.58:884][  0]LogConfig: Setting CVar [[r.DOF.Scatter.MaxSpriteRatio:0.1         ; only a maximum of 10% of scattered bokeh]]
[2021.12.16-15.57.58:884][  0]LogConfig: Setting CVar [[r.DOF.Recombine.Quality:1                ; cheap slight out of focus]]
[2021.12.16-15.57.58:884][  0]LogConfig: Setting CVar [[r.DOF.Recombine.EnableBokehSettings:0    ; no bokeh simulation on slight out of focus]]
[2021.12.16-15.57.58:884][  0]LogConfig: Setting CVar [[r.DOF.TemporalAAQuality:1                ; more stable temporal accumulation]]
[2021.12.16-15.57.58:884][  0]LogConfig: Setting CVar [[r.DOF.Kernel.MaxForegroundRadius:0.025]]
[2021.12.16-15.57.58:884][  0]LogConfig: Setting CVar [[r.DOF.Kernel.MaxBackgroundRadius:0.025]]
[2021.12.16-15.57.58:884][  0]LogConfig: Applying CVar settings from Section [TextureQuality@3] File [F:/UE4/Combat/Saved/Config/Windows/Scalability.ini]
[2021.12.16-15.57.58:884][  0]LogConfig: Setting CVar [[r.Streaming.MipBias:0]]
[2021.12.16-15.57.58:884][  0]LogConfig: Setting CVar [[r.Streaming.AmortizeCPUToGPUCopy:0]]
[2021.12.16-15.57.58:884][  0]LogConfig: Setting CVar [[r.Streaming.MaxNumTexturesToStreamPerFrame:0]]
[2021.12.16-15.57.58:884][  0]LogConfig: Setting CVar [[r.Streaming.Boost:1]]
[2021.12.16-15.57.58:884][  0]LogConfig: Setting CVar [[r.MaxAnisotropy:8]]
[2021.12.16-15.57.58:884][  0]LogConfig: Setting CVar [[r.VT.MaxAnisotropy:8]]
[2021.12.16-15.57.58:884][  0]LogConfig: Setting CVar [[r.Streaming.LimitPoolSizeToVRAM:0]]
[2021.12.16-15.57.58:884][  0]LogConfig: Setting CVar [[r.Streaming.PoolSize:1000]]
[2021.12.16-15.57.58:884][  0]LogConfig: Setting CVar [[r.Streaming.MaxEffectiveScreenSize:0]]
[2021.12.16-15.57.58:884][  0]LogConfig: Applying CVar settings from Section [EffectsQuality@3] File [F:/UE4/Combat/Saved/Config/Windows/Scalability.ini]
[2021.12.16-15.57.58:884][  0]LogConfig: Setting CVar [[r.TranslucencyLightingVolumeDim:64]]
[2021.12.16-15.57.58:884][  0]LogConfig: Setting CVar [[r.RefractionQuality:2]]
[2021.12.16-15.57.58:884][  0]LogConfig: Setting CVar [[r.SSR.Quality:3]]
[2021.12.16-15.57.58:884][  0]LogConfig: Setting CVar [[r.SSR.HalfResSceneColor:0]]
[2021.12.16-15.57.58:884][  0]LogConfig: Setting CVar [[r.SceneColorFormat:4]]
[2021.12.16-15.57.58:884][  0]LogConfig: Setting CVar [[r.DetailMode:2]]
[2021.12.16-15.57.58:884][  0]LogConfig: Setting CVar [[r.TranslucencyVolumeBlur:1]]
[2021.12.16-15.57.58:884][  0]LogConfig: Setting CVar [[r.MaterialQualityLevel:1 ; High quality]]
[2021.12.16-15.57.58:884][  0]LogConfig: Setting CVar [[r.AnisotropicMaterials:1]]
[2021.12.16-15.57.58:884][  0]LogConfig: Setting CVar [[r.SSS.Scale:1]]
[2021.12.16-15.57.58:884][  0]LogConfig: Setting CVar [[r.SSS.SampleSet:2]]
[2021.12.16-15.57.58:884][  0]LogConfig: Setting CVar [[r.SSS.Quality:1]]
[2021.12.16-15.57.58:884][  0]LogConfig: Setting CVar [[r.SSS.HalfRes:0]]
[2021.12.16-15.57.58:884][  0]LogConfig: Setting CVar [[r.SSGI.Quality:3]]
[2021.12.16-15.57.58:884][  0]LogConfig: Setting CVar [[r.EmitterSpawnRateScale:1.0]]
[2021.12.16-15.57.58:884][  0]LogConfig: Setting CVar [[r.ParticleLightQuality:2]]
[2021.12.16-15.57.58:884][  0]LogConfig: Setting CVar [[r.SkyAtmosphere.AerialPerspectiveLUT.FastApplyOnOpaque:1 ; Always have FastSkyLUT 1 in this case to avoid wrong sky]]
[2021.12.16-15.57.58:884][  0]LogConfig: Setting CVar [[r.SkyAtmosphere.AerialPerspectiveLUT.SampleCountMaxPerSlice:4]]
[2021.12.16-15.57.58:884][  0]LogConfig: Setting CVar [[r.SkyAtmosphere.AerialPerspectiveLUT.DepthResolution:16.0]]
[2021.12.16-15.57.58:884][  0]LogConfig: Setting CVar [[r.SkyAtmosphere.FastSkyLUT:1]]
[2021.12.16-15.57.58:884][  0]LogConfig: Setting CVar [[r.SkyAtmosphere.FastSkyLUT.SampleCountMin:4.0]]
[2021.12.16-15.57.58:884][  0]LogConfig: Setting CVar [[r.SkyAtmosphere.FastSkyLUT.SampleCountMax:128.0]]
[2021.12.16-15.57.58:884][  0]LogConfig: Setting CVar [[r.SkyAtmosphere.SampleCountMin:4.0]]
[2021.12.16-15.57.58:884][  0]LogConfig: Setting CVar [[r.SkyAtmosphere.SampleCountMax:128.0]]
[2021.12.16-15.57.58:884][  0]LogConfig: Setting CVar [[r.SkyAtmosphere.TransmittanceLUT.UseSmallFormat:0]]
[2021.12.16-15.57.58:884][  0]LogConfig: Setting CVar [[r.SkyAtmosphere.TransmittanceLUT.SampleCount:10.0]]
[2021.12.16-15.57.58:884][  0]LogConfig: Setting CVar [[r.SkyAtmosphere.MultiScatteringLUT.SampleCount:15.0]]
[2021.12.16-15.57.58:884][  0]LogConfig: Setting CVar [[r.SkyLight.RealTimeReflectionCapture:1]]
[2021.12.16-15.57.58:884][  0]LogConfig: Applying CVar settings from Section [FoliageQuality@3] File [F:/UE4/Combat/Saved/Config/Windows/Scalability.ini]
[2021.12.16-15.57.58:884][  0]LogConfig: Setting CVar [[foliage.DensityScale:1.0]]
[2021.12.16-15.57.58:884][  0]LogConfig: Setting CVar [[grass.DensityScale:1.0]]
[2021.12.16-15.57.58:884][  0]LogConfig: Applying CVar settings from Section [ShadingQuality@3] File [F:/UE4/Combat/Saved/Config/Windows/Scalability.ini]
[2021.12.16-15.57.58:884][  0]LogConfig: Setting CVar [[r.HairStrands.SkyLighting.IntegrationType:2]]
[2021.12.16-15.57.58:884][  0]LogConfig: Setting CVar [[r.HairStrands.SkyAO.SampleCount:4]]
[2021.12.16-15.57.58:884][  0]LogConfig: Setting CVar [[r.HairStrands.Visibility.MSAA.SamplePerPixel:4]]
[2021.12.16-15.57.58:884][  0]LogInit: Selected Device Profile: [Windows]
[2021.12.16-15.57.58:884][  0]LogInit: Applying CVar settings loaded from the selected device profile: [Windows]
[2021.12.16-15.57.58:884][  0]LogHAL: Display: Platform has ~ 16 GB [17096232960 / 17179869184 / 16], which maps to Larger [LargestMinGB=32, LargerMinGB=12, DefaultMinGB=8, SmallerMinGB=6, SmallestMinGB=0)
[2021.12.16-15.57.58:884][  0]LogInit: Going up to parent DeviceProfile []
[2021.12.16-15.57.58:884][  0]LogConfig: Applying CVar settings from Section [ViewDistanceQuality@3] File [F:/UE4/Combat/Saved/Config/Windows/Scalability.ini]
[2021.12.16-15.57.58:884][  0]LogConfig: Setting CVar [[r.SkeletalMeshLODBias:0]]
[2021.12.16-15.57.58:884][  0]LogConfig: Setting CVar [[r.ViewDistanceScale:1.0]]
[2021.12.16-15.57.58:884][  0]LogConfig: Applying CVar settings from Section [AntiAliasingQuality@3] File [F:/UE4/Combat/Saved/Config/Windows/Scalability.ini]
[2021.12.16-15.57.58:884][  0]LogConfig: Setting CVar [[r.PostProcessAAQuality:4]]
[2021.12.16-15.57.58:884][  0]LogConfig: Applying CVar settings from Section [ShadowQuality@3] File [F:/UE4/Combat/Saved/Config/Windows/Scalability.ini]
[2021.12.16-15.57.58:884][  0]LogConfig: Setting CVar [[r.LightFunctionQuality:1]]
[2021.12.16-15.57.58:884][  0]LogConfig: Setting CVar [[r.ShadowQuality:5]]
[2021.12.16-15.57.58:884][  0]LogConfig: Setting CVar [[r.Shadow.CSM.MaxCascades:10]]
[2021.12.16-15.57.58:884][  0]LogConfig: Setting CVar [[r.Shadow.MaxResolution:2048]]
[2021.12.16-15.57.58:884][  0]LogConfig: Setting CVar [[r.Shadow.MaxCSMResolution:2048]]
[2021.12.16-15.57.58:884][  0]LogConfig: Setting CVar [[r.Shadow.RadiusThreshold:0.01]]
[2021.12.16-15.57.58:885][  0]LogConfig: Setting CVar [[r.Shadow.DistanceScale:1.0]]
[2021.12.16-15.57.58:885][  0]LogConfig: Setting CVar [[r.Shadow.CSM.TransitionScale:1.0]]
[2021.12.16-15.57.58:885][  0]LogConfig: Setting CVar [[r.Shadow.PreShadowResolutionFactor:1.0]]
[2021.12.16-15.57.58:885][  0]LogConfig: Setting CVar [[r.DistanceFieldShadowing:1]]
[2021.12.16-15.57.58:885][  0]LogConfig: Setting CVar [[r.DistanceFieldAO:1]]
[2021.12.16-15.57.58:885][  0]LogConfig: Setting CVar [[r.AOQuality:2]]
[2021.12.16-15.57.58:885][  0]LogConfig: Setting CVar [[r.VolumetricFog:1]]
[2021.12.16-15.57.58:885][  0]LogConfig: Setting CVar [[r.VolumetricFog.GridPixelSize:8]]
[2021.12.16-15.57.58:885][  0]LogConfig: Setting CVar [[r.VolumetricFog.GridSizeZ:128]]
[2021.12.16-15.57.58:885][  0]LogConfig: Setting CVar [[r.VolumetricFog.HistoryMissSupersampleCount:4]]
[2021.12.16-15.57.58:885][  0]LogConfig: Setting CVar [[r.LightMaxDrawDistanceScale:1]]
[2021.12.16-15.57.58:885][  0]LogConfig: Setting CVar [[r.CapsuleShadows:1]]
[2021.12.16-15.57.58:885][  0]LogConfig: Applying CVar settings from Section [PostProcessQuality@3] File [F:/UE4/Combat/Saved/Config/Windows/Scalability.ini]
[2021.12.16-15.57.58:885][  0]LogConfig: Setting CVar [[r.MotionBlurQuality:4]]
[2021.12.16-15.57.58:885][  0]LogConfig: Setting CVar [[r.AmbientOcclusionMipLevelFactor:0.4]]
[2021.12.16-15.57.58:885][  0]LogConfig: Setting CVar [[r.AmbientOcclusionMaxQuality:100]]
[2021.12.16-15.57.58:885][  0]LogConfig: Setting CVar [[r.AmbientOcclusionLevels:-1]]
[2021.12.16-15.57.58:885][  0]LogConfig: Setting CVar [[r.AmbientOcclusionRadiusScale:1.0]]
[2021.12.16-15.57.58:885][  0]LogConfig: Setting CVar [[r.DepthOfFieldQuality:2]]
[2021.12.16-15.57.58:885][  0]LogConfig: Setting CVar [[r.RenderTargetPoolMin:400]]
[2021.12.16-15.57.58:885][  0]LogConfig: Setting CVar [[r.LensFlareQuality:2]]
[2021.12.16-15.57.58:885][  0]LogConfig: Setting CVar [[r.SceneColorFringeQuality:1]]
[2021.12.16-15.57.58:885][  0]LogConfig: Setting CVar [[r.EyeAdaptationQuality:2]]
[2021.12.16-15.57.58:885][  0]LogConfig: Setting CVar [[r.BloomQuality:5]]
[2021.12.16-15.57.58:885][  0]LogConfig: Setting CVar [[r.FastBlurThreshold:100]]
[2021.12.16-15.57.58:885][  0]LogConfig: Setting CVar [[r.Upscale.Quality:3]]
[2021.12.16-15.57.58:885][  0]LogConfig: Setting CVar [[r.Tonemapper.GrainQuantization:1]]
[2021.12.16-15.57.58:885][  0]LogConfig: Setting CVar [[r.LightShaftQuality:1]]
[2021.12.16-15.57.58:885][  0]LogConfig: Setting CVar [[r.Filter.SizeScale:1]]
[2021.12.16-15.57.58:885][  0]LogConfig: Setting CVar [[r.Tonemapper.Quality:5]]
[2021.12.16-15.57.58:885][  0]LogConfig: Setting CVar [[r.DOF.Gather.AccumulatorQuality:1        ; higher gathering accumulator quality]]
[2021.12.16-15.57.58:885][  0]LogConfig: Setting CVar [[r.DOF.Gather.PostfilterMethod:1          ; Median3x3 postfilering method]]
[2021.12.16-15.57.58:885][  0]LogConfig: Setting CVar [[r.DOF.Gather.EnableBokehSettings:0       ; no bokeh simulation when gathering]]
[2021.12.16-15.57.58:885][  0]LogConfig: Setting CVar [[r.DOF.Gather.RingCount:4                 ; medium number of samples when gathering]]
[2021.12.16-15.57.58:885][  0]LogConfig: Setting CVar [[r.DOF.Scatter.ForegroundCompositing:1    ; additive foreground scattering]]
[2021.12.16-15.57.58:885][  0]LogConfig: Setting CVar [[r.DOF.Scatter.BackgroundCompositing:2    ; additive background scattering]]
[2021.12.16-15.57.58:885][  0]LogConfig: Setting CVar [[r.DOF.Scatter.EnableBokehSettings:1      ; bokeh simulation when scattering]]
[2021.12.16-15.57.58:885][  0]LogConfig: Setting CVar [[r.DOF.Scatter.MaxSpriteRatio:0.1         ; only a maximum of 10% of scattered bokeh]]
[2021.12.16-15.57.58:885][  0]LogConfig: Setting CVar [[r.DOF.Recombine.Quality:1                ; cheap slight out of focus]]
[2021.12.16-15.57.58:885][  0]LogConfig: Setting CVar [[r.DOF.Recombine.EnableBokehSettings:0    ; no bokeh simulation on slight out of focus]]
[2021.12.16-15.57.58:885][  0]LogConfig: Setting CVar [[r.DOF.TemporalAAQuality:1                ; more stable temporal accumulation]]
[2021.12.16-15.57.58:885][  0]LogConfig: Setting CVar [[r.DOF.Kernel.MaxForegroundRadius:0.025]]
[2021.12.16-15.57.58:885][  0]LogConfig: Setting CVar [[r.DOF.Kernel.MaxBackgroundRadius:0.025]]
[2021.12.16-15.57.58:885][  0]LogConfig: Applying CVar settings from Section [TextureQuality@3] File [F:/UE4/Combat/Saved/Config/Windows/Scalability.ini]
[2021.12.16-15.57.58:885][  0]LogConfig: Setting CVar [[r.Streaming.MipBias:0]]
[2021.12.16-15.57.58:885][  0]LogConfig: Setting CVar [[r.Streaming.AmortizeCPUToGPUCopy:0]]
[2021.12.16-15.57.58:885][  0]LogConfig: Setting CVar [[r.Streaming.MaxNumTexturesToStreamPerFrame:0]]
[2021.12.16-15.57.58:885][  0]LogConfig: Setting CVar [[r.Streaming.Boost:1]]
[2021.12.16-15.57.58:885][  0]LogConfig: Setting CVar [[r.MaxAnisotropy:8]]
[2021.12.16-15.57.58:885][  0]LogConfig: Setting CVar [[r.VT.MaxAnisotropy:8]]
[2021.12.16-15.57.58:885][  0]LogConfig: Setting CVar [[r.Streaming.LimitPoolSizeToVRAM:0]]
[2021.12.16-15.57.58:885][  0]LogConfig: Setting CVar [[r.Streaming.PoolSize:1000]]
[2021.12.16-15.57.58:885][  0]LogConfig: Setting CVar [[r.Streaming.MaxEffectiveScreenSize:0]]
[2021.12.16-15.57.58:885][  0]LogConfig: Applying CVar settings from Section [EffectsQuality@3] File [F:/UE4/Combat/Saved/Config/Windows/Scalability.ini]
[2021.12.16-15.57.58:885][  0]LogConfig: Setting CVar [[r.TranslucencyLightingVolumeDim:64]]
[2021.12.16-15.57.58:885][  0]LogConfig: Setting CVar [[r.RefractionQuality:2]]
[2021.12.16-15.57.58:885][  0]LogConfig: Setting CVar [[r.SSR.Quality:3]]
[2021.12.16-15.57.58:885][  0]LogConfig: Setting CVar [[r.SSR.HalfResSceneColor:0]]
[2021.12.16-15.57.58:885][  0]LogConfig: Setting CVar [[r.SceneColorFormat:4]]
[2021.12.16-15.57.58:885][  0]LogConfig: Setting CVar [[r.DetailMode:2]]
[2021.12.16-15.57.58:885][  0]LogConfig: Setting CVar [[r.TranslucencyVolumeBlur:1]]
[2021.12.16-15.57.58:885][  0]LogConfig: Setting CVar [[r.MaterialQualityLevel:1 ; High quality]]
[2021.12.16-15.57.58:885][  0]LogConfig: Setting CVar [[r.AnisotropicMaterials:1]]
[2021.12.16-15.57.58:885][  0]LogConfig: Setting CVar [[r.SSS.Scale:1]]
[2021.12.16-15.57.58:885][  0]LogConfig: Setting CVar [[r.SSS.SampleSet:2]]
[2021.12.16-15.57.58:885][  0]LogConfig: Setting CVar [[r.SSS.Quality:1]]
[2021.12.16-15.57.58:885][  0]LogConfig: Setting CVar [[r.SSS.HalfRes:0]]
[2021.12.16-15.57.58:885][  0]LogConfig: Setting CVar [[r.SSGI.Quality:3]]
[2021.12.16-15.57.58:885][  0]LogConfig: Setting CVar [[r.EmitterSpawnRateScale:1.0]]
[2021.12.16-15.57.58:885][  0]LogConfig: Setting CVar [[r.ParticleLightQuality:2]]
[2021.12.16-15.57.58:885][  0]LogConfig: Setting CVar [[r.SkyAtmosphere.AerialPerspectiveLUT.FastApplyOnOpaque:1 ; Always have FastSkyLUT 1 in this case to avoid wrong sky]]
[2021.12.16-15.57.58:885][  0]LogConfig: Setting CVar [[r.SkyAtmosphere.AerialPerspectiveLUT.SampleCountMaxPerSlice:4]]
[2021.12.16-15.57.58:885][  0]LogConfig: Setting CVar [[r.SkyAtmosphere.AerialPerspectiveLUT.DepthResolution:16.0]]
[2021.12.16-15.57.58:885][  0]LogConfig: Setting CVar [[r.SkyAtmosphere.FastSkyLUT:1]]
[2021.12.16-15.57.58:885][  0]LogConfig: Setting CVar [[r.SkyAtmosphere.FastSkyLUT.SampleCountMin:4.0]]
[2021.12.16-15.57.58:885][  0]LogConfig: Setting CVar [[r.SkyAtmosphere.FastSkyLUT.SampleCountMax:128.0]]
[2021.12.16-15.57.58:885][  0]LogConfig: Setting CVar [[r.SkyAtmosphere.SampleCountMin:4.0]]
[2021.12.16-15.57.58:885][  0]LogConfig: Setting CVar [[r.SkyAtmosphere.SampleCountMax:128.0]]
[2021.12.16-15.57.58:885][  0]LogConfig: Setting CVar [[r.SkyAtmosphere.TransmittanceLUT.UseSmallFormat:0]]
[2021.12.16-15.57.58:885][  0]LogConfig: Setting CVar [[r.SkyAtmosphere.TransmittanceLUT.SampleCount:10.0]]
[2021.12.16-15.57.58:885][  0]LogConfig: Setting CVar [[r.SkyAtmosphere.MultiScatteringLUT.SampleCount:15.0]]
[2021.12.16-15.57.58:885][  0]LogConfig: Setting CVar [[r.SkyLight.RealTimeReflectionCapture:1]]
[2021.12.16-15.57.58:885][  0]LogConfig: Applying CVar settings from Section [FoliageQuality@3] File [F:/UE4/Combat/Saved/Config/Windows/Scalability.ini]
[2021.12.16-15.57.58:885][  0]LogConfig: Setting CVar [[foliage.DensityScale:1.0]]
[2021.12.16-15.57.58:885][  0]LogConfig: Setting CVar [[grass.DensityScale:1.0]]
[2021.12.16-15.57.58:886][  0]LogConfig: Applying CVar settings from Section [ShadingQuality@3] File [F:/UE4/Combat/Saved/Config/Windows/Scalability.ini]
[2021.12.16-15.57.58:886][  0]LogConfig: Setting CVar [[r.HairStrands.SkyLighting.IntegrationType:2]]
[2021.12.16-15.57.58:886][  0]LogConfig: Setting CVar [[r.HairStrands.SkyAO.SampleCount:4]]
[2021.12.16-15.57.58:886][  0]LogConfig: Setting CVar [[r.HairStrands.Visibility.MSAA.SamplePerPixel:4]]
[2021.12.16-15.57.58:886][  0]LogConfig: Applying CVar settings from Section [Startup] File [../../../Engine/Config/ConsoleVariables.ini]
[2021.12.16-15.57.58:886][  0]LogConfig: Setting CVar [[net.UseAdaptiveNetUpdateFrequency:0]]
[2021.12.16-15.57.58:886][  0]LogConfig: Setting CVar [[p.chaos.AllowCreatePhysxBodies:1]]
[2021.12.16-15.57.58:886][  0]LogConfig: Setting CVar [[fx.SkipVectorVMBackendOptimizations:1]]
[2021.12.16-15.57.58:886][  0]LogConfig: Applying CVar settings from Section [ConsoleVariables] File [F:/UE4/Combat/Saved/Config/Windows/Engine.ini]
[2021.12.16-15.57.58:886][  0]LogConfig: Applying CVar settings from Section [ConsoleVariables] File [F:/UE4/Combat/Saved/Config/Windows/Editor.ini]
[2021.12.16-15.57.58:886][  0]LogInit: Computer: LAPTOP-03V6PFG1
[2021.12.16-15.57.58:886][  0]LogInit: User: Lenovo
[2021.12.16-15.57.58:886][  0]LogInit: CPU Page size=4096, Cores=4
[2021.12.16-15.57.58:886][  0]LogInit: High frequency timer resolution =10.000000 MHz
[2021.12.16-15.57.58:886][  0]LogMemory: Memory total: Physical=15.9GB (16GB approx)
[2021.12.16-15.57.58:886][  0]LogMemory: Platform Memory Stats for Windows
[2021.12.16-15.57.58:886][  0]LogMemory: Process Physical Memory: 141.87 MB used, 141.88 MB peak
[2021.12.16-15.57.58:886][  0]LogMemory: Process Virtual Memory: 114.20 MB used, 114.20 MB peak
[2021.12.16-15.57.58:886][  0]LogMemory: Physical Memory: 8278.85 MB used,  8025.39 MB free, 16304.24 MB total
[2021.12.16-15.57.58:886][  0]LogMemory: Virtual Memory: 134214768.00 MB used,  2963.74 MB free, 134217728.00 MB total
[2021.12.16-15.57.58:888][  0]LogWindows: WindowsPlatformFeatures enabled
[2021.12.16-15.57.58:898][  0]LogInit: Physics initialised using underlying interface: PhysX
[2021.12.16-15.57.58:898][  0]LogInit: Using OS detected language (zh-CN).
[2021.12.16-15.57.58:898][  0]LogInit: Using OS detected locale (zh-CN).
[2021.12.16-15.57.58:901][  0]LogTextLocalizationManager: No specific localization for 'zh-CN' exists, so the 'zh-Hans' localization will be used.
[2021.12.16-15.57.59:019][  0]LogTextLocalizationResource: LocRes '../../../Engine/Content/Localization/Editor/zh/Editor.locres' could not be opened for reading!
[2021.12.16-15.57.59:019][  0]LogTextLocalizationResource: LocRes '../../../Engine/Content/Localization/EditorTutorials/zh/EditorTutorials.locres' could not be opened for reading!
[2021.12.16-15.57.59:019][  0]LogTextLocalizationResource: LocRes '../../../Engine/Content/Localization/Keywords/zh/Keywords.locres' could not be opened for reading!
[2021.12.16-15.57.59:019][  0]LogTextLocalizationResource: LocRes '../../../Engine/Content/Localization/Category/zh/Category.locres' could not be opened for reading!
[2021.12.16-15.57.59:020][  0]LogTextLocalizationResource: LocRes '../../../Engine/Content/Localization/ToolTips/zh/ToolTips.locres' could not be opened for reading!
[2021.12.16-15.57.59:020][  0]LogTextLocalizationResource: LocRes '../../../Engine/Content/Localization/PropertyNames/zh/PropertyNames.locres' could not be opened for reading!
[2021.12.16-15.57.59:020][  0]LogTextLocalizationResource: LocRes '../../../Engine/Content/Localization/Engine/zh/Engine.locres' could not be opened for reading!
[2021.12.16-15.57.59:020][  0]LogTextLocalizationResource: LocRes '../../../Engine/Plugins/Online/OnlineSubsystem/Content/Localization/OnlineSubsystem/zh/OnlineSubsystem.locres' could not be opened for reading!
[2021.12.16-15.57.59:020][  0]LogTextLocalizationResource: LocRes '../../../Engine/Plugins/Online/OnlineSubsystemUtils/Content/Localization/OnlineSubsystemUtils/zh/OnlineSubsystemUtils.locres' could not be opened for reading!
[2021.12.16-15.57.59:020][  0]LogTextLocalizationResource: LocRes '../../../Engine/Plugins/Online/Android/OnlineSubsystemGooglePlay/Content/Localization/OnlineSubsystemGooglePlay/zh/OnlineSubsystemGooglePlay.locres' could not be opened for reading!
[2021.12.16-15.57.59:020][  0]LogTextLocalizationResource: LocRes '../../../Engine/Plugins/Online/IOS/OnlineSubsystemIOS/Content/Localization/OnlineSubsystemIOS/zh/OnlineSubsystemIOS.locres' could not be opened for reading!
[2021.12.16-15.57.59:074][  0]LogWindowsTextInputMethodSystem: Display: IME system deactivated.
[2021.12.16-15.57.59:089][  0]LogSlate: New Slate User Created.  User Index 0, Is Virtual User: 0
[2021.12.16-15.57.59:089][  0]LogSlate: Slate User Registered.  User Index 0, Is Virtual User: 0
[2021.12.16-15.57.59:100][  0]LogD3D11RHI: Loaded GFSDK_Aftermath_Lib.x64.dll
[2021.12.16-15.57.59:102][  0]LogHMD: Failed to initialize OpenVR with code 110
[2021.12.16-15.57.59:102][  0]LogD3D11RHI: D3D11 min allowed feature level: 11_0
[2021.12.16-15.57.59:102][  0]LogD3D11RHI: D3D11 max allowed feature level: 11_0
[2021.12.16-15.57.59:102][  0]LogD3D11RHI: D3D11 adapters:
[2021.12.16-15.57.59:220][  0]LogD3D11RHI:    0. 'NVIDIA GeForce GTX 1650' (Feature Level 11_0)
[2021.12.16-15.57.59:220][  0]LogD3D11RHI:       3962/0/8152 MB DedicatedVideo/DedicatedSystem/SharedSystem, Outputs:1, VendorId:0x10de
[2021.12.16-15.57.59:222][  0]LogD3D11RHI:    1. 'Microsoft Basic Render Driver' (Feature Level 11_0)
[2021.12.16-15.57.59:222][  0]LogD3D11RHI:       0/0/8152 MB DedicatedVideo/DedicatedSystem/SharedSystem, Outputs:0, VendorId:0x1414
[2021.12.16-15.57.59:222][  0]LogD3D11RHI: Chosen D3D11 Adapter:
[2021.12.16-15.57.59:222][  0]LogD3D11RHI:     Description : NVIDIA GeForce GTX 1650
[2021.12.16-15.57.59:222][  0]LogD3D11RHI:     VendorId    : 10de
[2021.12.16-15.57.59:222][  0]LogD3D11RHI:     DeviceId    : 1f91
[2021.12.16-15.57.59:222][  0]LogD3D11RHI:     SubSysId    : 3ffb17aa
[2021.12.16-15.57.59:222][  0]LogD3D11RHI:     Revision    : 00a1
[2021.12.16-15.57.59:222][  0]LogD3D11RHI:     DedicatedVideoMemory : 4154458112 bytes
[2021.12.16-15.57.59:222][  0]LogD3D11RHI:     DedicatedSystemMemory : 0 bytes
[2021.12.16-15.57.59:222][  0]LogD3D11RHI:     SharedSystemMemory : 8548116480 bytes
[2021.12.16-15.57.59:222][  0]LogD3D11RHI:     AdapterLuid : 0 59469
[2021.12.16-15.57.59:228][  0]LogD3D11RHI: Creating new Direct3DDevice
[2021.12.16-15.57.59:228][  0]LogD3D11RHI:     GPU DeviceId: 0x1f91 (for the marketing name, search the web for "GPU Device Id")
[2021.12.16-15.57.59:228][  0]LogWindows: EnumDisplayDevices:
[2021.12.16-15.57.59:228][  0]LogWindows:    0. 'NVIDIA GeForce GTX 1650' (P:1 D:1)
[2021.12.16-15.57.59:229][  0]LogWindows:    1. 'NVIDIA GeForce GTX 1650' (P:0 D:0)
[2021.12.16-15.57.59:229][  0]LogWindows:    2. 'NVIDIA GeForce GTX 1650' (P:0 D:0)
[2021.12.16-15.57.59:229][  0]LogWindows:    3. 'NVIDIA GeForce GTX 1650' (P:0 D:0)
[2021.12.16-15.57.59:229][  0]LogWindows: DebugString: FoundDriverCount:4 
[2021.12.16-15.57.59:229][  0]LogD3D11RHI:     Adapter Name: NVIDIA GeForce GTX 1650
[2021.12.16-15.57.59:229][  0]LogD3D11RHI:   Driver Version: 462.30 (internal:27.21.14.6230, unified:462.30)
[2021.12.16-15.57.59:229][  0]LogD3D11RHI:      Driver Date: 4-5-2021
[2021.12.16-15.57.59:229][  0]LogRHI: Texture pool is 2773 MB (70% of 3962 MB)
[2021.12.16-15.57.59:229][  0]LogD3D11RHI: Creating D3DDevice using adapter:
[2021.12.16-15.57.59:229][  0]LogD3D11RHI:     Description : NVIDIA GeForce GTX 1650
[2021.12.16-15.57.59:229][  0]LogD3D11RHI:     VendorId    : 10de
[2021.12.16-15.57.59:229][  0]LogD3D11RHI:     DeviceId    : 1f91
[2021.12.16-15.57.59:229][  0]LogD3D11RHI:     SubSysId    : 3ffb17aa
[2021.12.16-15.57.59:229][  0]LogD3D11RHI:     Revision    : 00a1
[2021.12.16-15.57.59:229][  0]LogD3D11RHI:     DedicatedVideoMemory : 4154458112 bytes
[2021.12.16-15.57.59:229][  0]LogD3D11RHI:     DedicatedSystemMemory : 0 bytes
[2021.12.16-15.57.59:229][  0]LogD3D11RHI:     SharedSystemMemory : 8548116480 bytes
[2021.12.16-15.57.59:229][  0]LogD3D11RHI:     AdapterLuid : 0 59469
[2021.12.16-15.57.59:325][  0]LogD3D11RHI: RHI has support for 64 bit atomics
[2021.12.16-15.57.59:325][  0]LogD3D11RHI: Async texture creation enabled
[2021.12.16-15.57.59:325][  0]LogD3D11RHI: Array index from any shader is supported
[2021.12.16-15.57.59:349][  0]LogD3D11RHI: GPU Timing Frequency: 1000.000000 (Debug: 2 1)
[2021.12.16-15.57.59:388][  0]LogRHI: GeForceNow SDK initialized: 1
[2021.12.16-15.57.59:692][  0]LogTargetPlatformManager: Display: Loaded TargetPlatform 'WindowsNoEditor'
[2021.12.16-15.57.59:696][  0]LogTargetPlatformManager: Display: Loaded TargetPlatform 'Windows'
[2021.12.16-15.57.59:700][  0]LogTargetPlatformManager: Display: Loaded TargetPlatform 'WindowsClient'
[2021.12.16-15.57.59:705][  0]LogTargetPlatformManager: Display: Loaded TargetPlatform 'WindowsServer'
[2021.12.16-15.57.59:705][  0]LogTargetPlatformManager: Display: Building Assets For Windows
[2021.12.16-15.57.59:711][  0]LogAudioDebug: Display: Lib vorbis DLL was dynamically loaded.
[2021.12.16-15.57.59:738][  0]LogTextureFormatOodle: Display: Oodle Texture 2.9.0 init RDO Off
[2021.12.16-15.57.59:766][  0]LogRendererCore: Ray tracing is disabled. Reason: r.RayTracing=0.
[2021.12.16-15.57.59:767][  0]LogShaderCompilers: Guid format shader working directory is 34 characters bigger than the processId version (F:/UE4/Combat/Intermediate/Shaders/WorkingDirectory/7960/).
[2021.12.16-15.57.59:767][  0]LogShaderCompilers: Cleaned the shader compiler working directory 'C:/Users/Lenovo/AppData/Local/Temp/UnrealShaderWorkingDir/55162776484F4A069F9F04BAAC760789/'.
[2021.12.16-15.57.59:767][  0]LogXGEController: Cannot use XGE Controller as Incredibuild is not installed on this machine.
[2021.12.16-15.57.59:767][  0]LogShaderCompilers: Cannot use XGE Shader Compiler as Incredibuild is not installed on this machine.
[2021.12.16-15.57.59:767][  0]LogShaderCompilers: Display: Using Local Shader Compiler.
[2021.12.16-15.58.00:520][  0]LogDerivedDataCache: Display: Max Cache Size: 512 MB
[2021.12.16-15.58.00:590][  0]LogDerivedDataCache: Loaded boot cache 0.07s 97MB C:/Users/Lenovo/AppData/Local/UnrealEngine/4.27/DerivedDataCache/Boot.ddc.
[2021.12.16-15.58.00:590][  0]LogDerivedDataCache: Display: Loaded Boot cache: C:/Users/Lenovo/AppData/Local/UnrealEngine/4.27/DerivedDataCache/Boot.ddc
[2021.12.16-15.58.00:591][  0]LogDerivedDataCache: FDerivedDataBackendGraph:  Pak pak cache file F:/UE4/Combat/DerivedDataCache/DDC.ddp not found, will not use a pak cache.
[2021.12.16-15.58.00:591][  0]LogDerivedDataCache: Unable to find inner node Pak for hierarchical cache Hierarchy.
[2021.12.16-15.58.00:591][  0]LogDerivedDataCache: FDerivedDataBackendGraph:  CompressedPak pak cache file F:/UE4/Combat/DerivedDataCache/Compressed.ddp not found, will not use a pak cache.
[2021.12.16-15.58.00:591][  0]LogDerivedDataCache: Unable to find inner node CompressedPak for hierarchical cache Hierarchy.
[2021.12.16-15.58.00:606][  0]LogDerivedDataCache: Display: Pak cache opened for reading ../../../Engine/DerivedDataCache/Compressed.ddp.
[2021.12.16-15.58.00:606][  0]LogDerivedDataCache: FDerivedDataBackendGraph:  EnterprisePak pak cache file ../../../Enterprise/DerivedDataCache/Compressed.ddp not found, will not use a pak cache.
[2021.12.16-15.58.00:606][  0]LogDerivedDataCache: Unable to find inner node EnterprisePak for hierarchical cache Hierarchy.
[2021.12.16-15.58.00:613][  0]LogDerivedDataCache: Speed tests for C:/Users/Lenovo/AppData/Local/UnrealEngine/Common/DerivedDataCache took 0.01 seconds
[2021.12.16-15.58.00:613][  0]LogDerivedDataCache: Display: Performance to C:/Users/Lenovo/AppData/Local/UnrealEngine/Common/DerivedDataCache: Latency=0.03ms. RandomReadSpeed=1020.18MBs, RandomWriteSpeed=163.85MBs. Assigned SpeedClass 'Local'
[2021.12.16-15.58.00:614][  0]LogDerivedDataCache: Using Local data cache path C:/Users/Lenovo/AppData/Local/UnrealEngine/Common/DerivedDataCache: Writable
[2021.12.16-15.58.00:614][  0]LogDerivedDataCache: Shared data cache path not found in *engine.ini, will not use an Shared cache.
[2021.12.16-15.58.00:614][  0]LogDerivedDataCache: Unable to find inner node Shared for hierarchical cache Hierarchy.
[2021.12.16-15.58.00:662][  0]LogSlate: Using FreeType 2.10.0
[2021.12.16-15.58.00:662][  0]LogSlate: SlateFontServices - WITH_FREETYPE: 1, WITH_HARFBUZZ: 1
[2021.12.16-15.58.00:784][  0]LogInit: Using OS detected language (zh-CN).
[2021.12.16-15.58.00:784][  0]LogInit: Using OS detected locale (zh-CN).
[2021.12.16-15.58.00:784][  0]LogTextLocalizationManager: No localization for 'zh-CN' exists, so 'en' will be used for the language.
[2021.12.16-15.58.00:784][  0]LogTextLocalizationManager: No localization for 'zh-CN' exists, so 'en' will be used for the locale.
[2021.12.16-15.58.00:784][  0]LogSlate: FontCache flush requested. Reason: Culture for localization was changed
[2021.12.16-15.58.00:784][  0]LogSlate: FontCache flush requested. Reason: Culture for localization was changed
[2021.12.16-15.58.00:789][  0]LogAssetRegistry: FAssetRegistry took 0.0030 seconds to start up
[2021.12.16-15.58.00:948][  0]LogTextLocalizationManager: Compacting localization data took   0.00ms
[2021.12.16-15.58.00:948][  0]LogPackageLocalizationCache: Processed 27 localized package path(s) for 1 prioritized culture(s) in 0.000932 seconds
[2021.12.16-15.58.01:006][  0]LogInit: Selected Device Profile: [Windows]
[2021.12.16-15.58.01:006][  0]LogInit: Active device profile: [0000021233C6D400][0000021228BE8DC0 49] Windows
[2021.12.16-15.58.01:006][  0]LogInit: Profiles: [0000021233C6D400][0000021228BE8DC0 49] Windows, [0000021233C36400][0000021228BF0F40 49] WindowsNoEditor, [0000021233C6E200][0000021228BF50C0 49] WindowsServer, [0000021233C37100][000002122D881240 49] WindowsClient, [0000021233C6EF00][0000021228BED380 49] IOS, [0000021233C37E00][000002122D8854C0 49] iPadAir, [0000021233C6FC00][000002122D889600 49] iPadAir2, [0000021233BEA600][000002122D895880 49] IPadPro, [0000021233BEA700][000002122D88D8C0 49] iPadAir3, [0000021233C34300][000002122D899A40 49] iPadAir4, [0000021233BEB500][000002122D89DBC0 49] iPadMini2, [0000021233C36800][000002122D8A01C0 49] iPadMini3, [0000021233BEA400][000002122D8A4340 49] iPadMini4, [0000021233C35700][000002122D8A84C0 49] iPadMini5, [0000021233C29F00][000002122D8B0780 49] iPhone6, [0000021233C2A000][000002122D8AC7C0 49] iPodTouch6, [0000021233C6ED00][000002122D8B8A80 49] iPhone7, [0000021233C6D500][000002122D8B4AC0 49] iPodTouch7, [0000021233BEB200][000002122D8BCC40 49] iPhone5S, [0000021233C6E000][000002122D8C0DC0 49] iPhone6Plus, [0000021233BE9200][000002122D8C4F40 49] iPhone6S, [0000021233C6EB00][000002122D8C90C0 49] iPhone6SPlus, [0000021233BE8A00][00000212291C1240 49] iPhone7Plus, [0000021233C6D100][00000212291C53C0 49] iPhoneSE, [0000021233BE8800][000002122D891500 49] iPhone8, [0000021233C6EC00][00000212291C9640 49] iPhone8Plus, [0000021233BEB100][00000212291CD780 49] iPhoneX, [0000021233C6CF00][00000212291D18C0 49] iPhoneXS, [0000021233BEAF00][00000212291D9A40 49] iPhoneXSMax, [0000021233C6E900][00000212291DDBC0 49] iPhoneXR, [0000021233C28400][00000212291E01C0 49] iPhone11, [0000021233BE9300][00000212291E4340 49] iPhone11Pro, [0000021233C28C00][00000212291E84C0 49] iPhone11ProMax, [0000021233BE9B00][00000212291EC640 49] iPhoneSE2, [0000021233C29400][00000212291F07C0 49] iPhone12Mini, [0000021233BEA300][00000212291F4940 49] iPhone12, [0000021233C29A00][00000212291F8AC0 49] iPhone12Pro, [0000021233BEA100][00000212291FCC40 49] iPhone12ProMax, [0000021233C29D00][0000021229200DC0 49] iPadPro105, [0000021233BE9C00][0000021229204F40 49] iPadPro129, [0000021233C2BF00][00000212292090C0 49] iPadPro97, [0000021233BE8400][000002122920D240 49] iPadPro2_129, [0000021233C6DD00][00000212292113C0 49] iPad5, [0000021233C29E00][0000021229215540 49] iPad6, [0000021233BE9F00][00000212292196C0 49] iPad7, [0000021233C28800][00000212291D5800 49] iPad8, [0000021233BE8900][000002122921D940 49] iPadPro11, [0000021233C28900][000002122DC13A80 49] iPadPro2_11, [0000021233BE9400][000002122DC1BC00 49] iPadPro3_129, [0000021233C28F00][000002122DC1E200 49] iPadPro4_129, [0000021233BE8D00][000002122DC22380 49] AppleTV, [0000021233C28500][000002122DC26500 49] AppleTV4K, [0000021233BE8100][000002122DC2A680 49] TVOS, [0000021233C2B000][000002122DC2E800 49] Mac, [0000021233BEB700][000002122DC32980 49] MacClient, [0000021233C2A500][000002122DC36B00 49] MacNoEditor, [0000021233BE9800][000002122DC3AC80 49] MacServer, [0000021233C2AE00][000002122DC3EE00 49] Linux, [0000021233BEA500][000002122DC42F80 49] LinuxAArch64, [0000021233C28300][000002122DC47100 49] LinuxNoEditor, [0000021233BEB400][000002122DC4B280 49] LinuxAArch64NoEditor, [0000021233C29700][000002122DC4F400 49] LinuxClient, [0000021233BE8300][000002122DC53580 49] LinuxAArch64Client, [0000021233C2B300][000002122DC57700 49] LinuxServer, [0000021233BEB000][000002122DC5B880 49] LinuxAArch64Server, [0000021233C2A700][000002122DC179C0 49] Android, [0000021233BE9D00][000002122DC5FB00 49] Android_Low, [0000021233C2AA00][000002122DC620C0 49] Android_Mid, [0000021233BE9100][000002122DC6A240 49] Android_High, [0000021233C2A100][000002122DC6E3C0 49] Android_Default, [0000021233BE8500][000002122DC72540 49] Android_Adreno4xx, [0000021233C2AF00][000002122DC766C0 49] Android_Adreno5xx_Low, [0000021233BEA900][000002122DC7A840 49] Android_Adreno5xx, [0000021233C28200][00000212342709C0 49] Android_Adreno6xx, [0000021233BEBA00][0000021234274B40 49] Android_Adreno6xx_Vulkan, [0000021233C2BB00][0000021234278CC0 49] Android_Mali_T6xx, [0000021233BE9600][000002123427CE40 49] Android_Mali_T7xx, [0000021233C29C00][0000021234280FC0 49] Android_Mali_T8xx, [0000021233BE9A00][0000021234285140 49] Android_Mali_G71, [0000021233C29300][00000212342892C0 49] Android_Mali_G72, [0000021233BEBB00][000002123428D440 49] Android_Mali_G72_Vulkan, [0000021233C2B600][00000212342915C0 49] Android_Mali_G76, [0000021233BEAC00][0000021234295740 49] Android_Mali_G76_Vulkan, [0000021233C29000][00000212342998C0 49] Android_Mali_G77, [0000021233BE9000][000002123429DA40 49] Android_Mali_G77_Vulkan, [0000021233C2AC00][000002122DC67B80 49] Android_Mali_G78, [0000021233BE8C00][00000212342A0140 49] Android_Mali_G78_Vulkan, [0000021233C2AD00][00000212342A4280 49] Android_Mali_G710, [0000021233BE8700][00000212342A83C0 49] Android_Mali_G710_Vulkan, [0000021233C35800][00000212342B0540 49] Android_Vulkan_SM5, [0000021233C6CE00][00000212342B46C0 49] Android_PowerVR_G6xxx, [0000021233C34B00][00000212342B8840 49] Android_PowerVR_GT7xxx, [0000021233C6C400][00000212342BC9C0 49] Android_PowerVR_GE8xxx, [0000021233C36E00][00000212342C0B40 49] Android_PowerVR_GM9xxx, [0000021233C6FF00][00000212342C4CC0 49] Android_PowerVR_GM9xxx_Vulkan, [0000021233C34D00][00000212342C8E40 49] Android_TegraK1, [0000021233C6EA00][00000212342CCFC0 49] Android_Unknown_Vulkan, [0000021233C37D00][00000212342D1140 49] Lumin, [0000021233C6F400][00000212342D52C0 49] Lumin_Desktop, [0000021233C34400][00000212342D9440 49] HoloLens, 
[2021.12.16-15.58.01:046][  0]LogMeshReduction: Using QuadricMeshReduction for automatic static mesh reduction
[2021.12.16-15.58.01:046][  0]LogMeshReduction: Using SimplygonMeshReduction for automatic skeletal mesh reduction
[2021.12.16-15.58.01:046][  0]LogMeshReduction: Using ProxyLODMeshReduction for automatic mesh merging
[2021.12.16-15.58.01:046][  0]LogMeshReduction: No distributed automatic mesh merging module available
[2021.12.16-15.58.01:046][  0]LogMeshMerging: No distributed automatic mesh merging module available
[2021.12.16-15.58.01:142][  0]LogNetVersion: Combat 1.0.0, NetCL: 17155196, EngineNetVer: 17, GameNetVer: 0 (Checksum: 3932767550)
[2021.12.16-15.58.01:362][  0]LogTexture: Default maximum texture size for cubemaps generated from long-lat sources has been changed from 512 to unlimited. In order to preserve old behaiour for '/Engine/MapTemplates/Sky/DaylightAmbientCubemap.DaylightAmbientCubemap', its maximum texture size has been explicitly set to 512.
[2021.12.16-15.58.01:418][  0]LogHMD: PokeAHoleMaterial loaded successfully
[2021.12.16-15.58.01:507][  0]LogMoviePlayer: Initializing movie player
[2021.12.16-15.58.01:612][  0]LogNiagaraDebuggerClient: Niagara Debugger Client Initialized | Session: 8A8D6D9A4A9A2736A31848BCEA34201C | Instance: EFC4B89644FEF4DCE64469BC80D362BA (LAPTOP-03V6PFG1-7960).
[2021.12.16-15.58.01:629][  0]LogCollectionManager: Loaded 0 collections in 0.000662 seconds
[2021.12.16-15.58.01:632][  0]LogFileCache: Scanning file cache for directory 'F:/UE4/Combat/Saved/Collections/' took 0.00s
[2021.12.16-15.58.01:632][  0]LogFileCache: Scanning file cache for directory 'F:/UE4/Combat/Content/Developers/Lenovo/Collections/' took 0.00s
[2021.12.16-15.58.01:632][  0]LogFileCache: Scanning file cache for directory 'F:/UE4/Combat/Content/Collections/' took 0.00s
[2021.12.16-15.58.01:632][  0]LogCollectionManager: Fixed up redirectors for 0 collections in 0.000002 seconds (updated 0 objects)
[2021.12.16-15.58.01:647][  0]LogImageWrapper: Warning: PNG Warning: Duplicate iCCP chunk
[2021.12.16-15.58.01:647][  0]LogImageWrapper: Warning: PNG Warning: Duplicate iCCP chunk
[2021.12.16-15.58.01:647][  0]LogPython: Using Python 3.7.7
[2021.12.16-15.58.02:167][  0]LogTcpMessaging: Initializing TcpMessaging bridge
[2021.12.16-15.58.02:170][  0]LogUdpMessaging: Initializing bridge on interface 0.0.0.0:0 to multicast group 230.0.0.1:6666.
[2021.12.16-15.58.02:379][  0]SourceControl: Source control is disabled
[2021.12.16-15.58.02:379][  0]SourceControl: Source control is disabled
[2021.12.16-15.58.02:382][  0]SourceControl: Source control is disabled
[2021.12.16-15.58.02:386][  0]LogUProjectInfo: Found projects:
[2021.12.16-15.58.02:461][  0]LogOpenImageDenoise: OIDN starting up
[2021.12.16-15.58.02:478][  0]LogAndroidPermission: UAndroidPermissionCallbackProxy::GetInstance
[2021.12.16-15.58.02:489][  0]LogAudioCaptureCore: Display: No Audio Capture implementations found. Audio input will be silent.
[2021.12.16-15.58.02:489][  0]LogAudioCaptureCore: Display: No Audio Capture implementations found. Audio input will be silent.
[2021.12.16-15.58.02:569][  0]LogOcInput: OculusInput pre-init called
[2021.12.16-15.58.02:581][  0]LogUObjectArray: 23548 objects as part of root set at end of initial load.
[2021.12.16-15.58.02:581][  0]LogUObjectAllocator: 6558976 out of 0 bytes used by permanent object pool.
[2021.12.16-15.58.02:581][  0]LogUObjectArray: CloseDisregardForGC: 0/0 objects in disregard for GC pool
[2021.12.16-15.58.02:622][  0]LogEngine: Initializing Engine...
[2021.12.16-15.58.02:624][  0]LogHMD: Failed to enumerate extensions. Please check that you have a valid OpenXR runtime installed.
[2021.12.16-15.58.02:624][  0]LogHMD: Failed to initialize OpenVR with code 110
[2021.12.16-15.58.02:624][  0]LogMagicLeap: Warning: VR disabled because ZI is not enabled.  To enable, in the editor, Edit -> Project Settings -> Plugins -> Magic Leap Plugin -> Enable Zero Iteration
[2021.12.16-15.58.02:625][  0]LogStats: UGameplayTagsManager::InitializeManager -  0.000 s
[2021.12.16-15.58.02:719][  0]LogInit: Initializing FReadOnlyCVARCache
[2021.12.16-15.58.02:719][  0]LogAudio: Display: Initializing Audio Device Manager...
[2021.12.16-15.58.02:723][  0]LogAudio: Display: Loading Default Audio Settings Objects...
[2021.12.16-15.58.02:723][  0]LogAudio: Display: No default SoundConcurrencyObject specified (or failed to load).
[2021.12.16-15.58.02:724][  0]LogAudio: Display: Audio Device Manager Initialized
[2021.12.16-15.58.02:724][  0]LogAudio: Display: Creating Audio Device:                 Id: 1, Scope: Shared, Realtime: True
[2021.12.16-15.58.02:724][  0]LogAudioMixer: Display: Audio Mixer Platform Settings:
[2021.12.16-15.58.02:724][  0]LogAudioMixer: Display: 	Sample Rate:						  48000
[2021.12.16-15.58.02:724][  0]LogAudioMixer: Display: 	Callback Buffer Frame Size Requested: 1024
[2021.12.16-15.58.02:724][  0]LogAudioMixer: Display: 	Callback Buffer Frame Size To Use:	  1024
[2021.12.16-15.58.02:724][  0]LogAudioMixer: Display: 	Number of buffers to queue:			  2
[2021.12.16-15.58.02:724][  0]LogAudioMixer: Display: 	Max Channels (voices):				  32
[2021.12.16-15.58.02:724][  0]LogAudioMixer: Display: 	Number of Async Source Workers:		  0
[2021.12.16-15.58.02:724][  0]LogAudio: Display: AudioDevice MaxSources: 32
[2021.12.16-15.58.02:725][  0]LogAudio: Display: Audio Spatialization Plugin: None (built-in).
[2021.12.16-15.58.02:725][  0]LogAudio: Display: Audio Reverb Plugin: None (built-in).
[2021.12.16-15.58.02:725][  0]LogAudio: Display: Audio Occlusion Plugin: None (built-in).
[2021.12.16-15.58.02:725][  0]LogAudioMixer: Display: Initializing audio mixer.
[2021.12.16-15.58.02:739][  0]LogAudioMixer: Display: 0: FrontLeft
[2021.12.16-15.58.02:739][  0]LogAudioMixer: Display: 1: FrontRight
[2021.12.16-15.58.02:754][  0]LogAudioMixer: Display: Using Audio Device 耳机 (EDIFIER Lolli Pods Plus Stereo)
[2021.12.16-15.58.02:759][  0]LogAudioMixer: Display: Initializing Sound Submixes...
[2021.12.16-15.58.02:760][  0]LogAudioMixer: Display: Creating Master Submix 'MasterSubmixDefault'
[2021.12.16-15.58.02:760][  0]LogAudioMixer: Display: Creating Master Submix 'MasterReverbSubmixDefault'
[2021.12.16-15.58.02:762][  0]LogAudioMixer: Display: Creating Master Submix 'MasterEQSubmixDefault'
[2021.12.16-15.58.02:762][  0]LogAudioMixer: FMixerPlatformXAudio2::StartAudioStream() called
[2021.12.16-15.58.02:762][  0]LogAudioMixer: Display: Output buffers initialized: Frames=1024, Channels=2, Samples=2048
[2021.12.16-15.58.02:762][  0]LogAudioMixer: Display: Starting AudioMixerPlatformInterface::RunInternal()
[2021.12.16-15.58.02:762][  0]LogAudioMixer: Display: FMixerPlatformXAudio2::SubmitBuffer() called for the first time
[2021.12.16-15.58.02:762][  0]LogInit: FAudioDevice initialized.
[2021.12.16-15.58.02:764][  0]LogNetVersion: Set ProjectVersion to 1.0.0.0. Version Checksum will be recalculated on next use.
[2021.12.16-15.58.02:764][  0]LogInit: Texture streaming: Enabled
[2021.12.16-15.58.03:108][  0]LogAudio: Display: Audio Device (ID: 1) registered with world 'Untitled'.
[2021.12.16-15.58.03:108][  0]LogSlate: Updating window title bar state: overlay mode, drag disabled, window buttons hidden, title bar hidden
[2021.12.16-15.58.03:109][  0]LogInit: Display: Game Engine Initialized.
[2021.12.16-15.58.03:110][  0]LogNiagaraEditor: GEditor isn't valid! Particle reset commands will not work for Niagara components!
[2021.12.16-15.58.03:224][  0]LogImageWrapper: Warning: PNG Warning: Duplicate iCCP chunk
[2021.12.16-15.58.03:224][  0]LogImageWrapper: Warning: PNG Warning: Duplicate iCCP chunk
[2021.12.16-15.58.03:224][  0]LogInit: Display: Starting Game.
[2021.12.16-15.58.03:224][  0]LogNet: Browse: /Game/ThirdPersonCPP/Maps/ThirdPersonExampleMap?Name=Player
[2021.12.16-15.58.03:224][  0]LogLoad: LoadMap: /Game/ThirdPersonCPP/Maps/ThirdPersonExampleMap?Name=Player
[2021.12.16-15.58.03:224][  0]LogWorld: BeginTearingDown for /Temp/Untitled_0
[2021.12.16-15.58.03:225][  0]LogWorld: UWorld::CleanupWorld for Untitled, bSessionEnded=true, bCleanupResources=true
[2021.12.16-15.58.03:226][  0]LogSlate: InvalidateAllWidgets triggered.  All widgets were invalidated
[2021.12.16-15.58.03:230][  0]LogAudio: Display: Audio Device unregistered from world 'None'.
[2021.12.16-15.58.03:232][  0]LogUObjectHash: Compacting FUObjectHashTables data took   0.70ms
[2021.12.16-15.58.03:374][  0]LogAudio: Display: Audio Device (ID: 1) registered with world 'ThirdPersonExampleMap'.
[2021.12.16-15.58.03:383][  0]LogAIModule: Creating AISystem for world ThirdPersonExampleMap
[2021.12.16-15.58.03:384][  0]LogLoad: Game class is 'NewGameMode_C'
[2021.12.16-15.58.03:390][  0]LogWorld: Bringing World /Game/ThirdPersonCPP/Maps/ThirdPersonExampleMap.ThirdPersonExampleMap up for play (max tick rate 0) at 2021.12.16-23.58.03
[2021.12.16-15.58.03:390][  0]LogWorld: Bringing up level for play took: 0.005325
[2021.12.16-15.58.03:393][  0]LogLoad: Took 0.169097 seconds to LoadMap(/Game/ThirdPersonCPP/Maps/ThirdPersonExampleMap)
[2021.12.16-15.58.03:417][  0]LogSlate: Took 0.000139 seconds to synchronously load lazily loaded font '../../../Engine/Content/Slate/Fonts/Roboto-Regular.ttf' (155K)
[2021.12.16-15.58.03:435][  0]LogRenderer: Reallocating scene render targets to support 1280x720 Format 10 NumSamples 1 (Frame:1).
[2021.12.16-15.58.03:435][  0]LogInit: Display: Engine is initialized. Leaving FEngineLoop::Init()
[2021.12.16-15.58.03:435][  0]LogLoad: (Engine Initialization) Total time: 5.55 seconds
[2021.12.16-15.58.03:435][  0]LogLoad: (Engine Initialization) Total Blueprint compile time: 0.00 seconds
[2021.12.16-15.58.03:450][  0]LogContentStreaming: Texture pool size now 1000 MB
[2021.12.16-15.58.03:453][  0]LogSlate: InvalidateAllWidgets triggered.  All widgets were invalidated
[2021.12.16-15.58.03:594][  0]LogRenderer: Reallocating scene render targets to support 128x128 Format 10 NumSamples 1 (Frame:1).
[2021.12.16-15.58.03:617][  0]LogRenderer: Reallocating scene render targets to support 1280x720 Format 10 NumSamples 1 (Frame:2).
[2021.12.16-15.58.03:628][  1]LogSlate: Took 0.000168 seconds to synchronously load lazily loaded font '../../../Engine/Content/Slate/Fonts/Roboto-Regular.ttf' (155K)
